<?xml version="1.0" encoding="UTF-8"?>
<!-- Generated by org.testng.reporters.JUnitXMLReporter -->
<testsuite hostname="DESKTOP-GK61F68" ignored="2" name="Test" tests="6" failures="2" timestamp="2021-10-20T12:55:17 IST" time="74.085" errors="0">
  <testcase name="TC_CT_01" time="0.131" classname="com.sdet.organization.ContactTest"/>
  <testcase name="TC_CT_02" time="0.012" classname="com.sdet.organization.ContactTest">
    <failure type="java.lang.AssertionError" message="null">
      <![CDATA[java.lang.AssertionError: null
at com.sdet.organization.ContactTest.TC_CT_02(ContactTest.java:20)
at java.util.ArrayList.forEach(Unknown Source)
... Removed 29 stack frames]]>
    </failure>
  </testcase> <!-- TC_CT_02 -->
  <testcase name="TC_CT_03" time="0.006" classname="com.sdet.organization.ContactTest"/>
  <testcase name="TC_ORG_01" time="0.006" classname="com.sdet.contact.OrganzationTest">
    <failure type="java.lang.AssertionError" message="null">
      <![CDATA[java.lang.AssertionError: null
at com.sdet.contact.OrganzationTest.TC_ORG_01(OrganzationTest.java:17)
at java.util.ArrayList.forEach(Unknown Source)
... Removed 29 stack frames]]>
    </failure>
  </testcase> <!-- TC_ORG_01 -->
  <testcase name="TC_ORG_02" time="0.008" classname="com.sdet.contact.OrganzationTest"/>
  <testcase name="TC_ORG_03" time="0.01" classname="com.sdet.contact.OrganzationTest"/>
  <testcase name="@BeforeSuite configBS" time="0.0" classname="com.sdet.base.BaseClass">
    <ignored/>
  </testcase> <!-- @BeforeSuite configBS -->
  <testcase name="@AfterSuite configAS" time="0.0" classname="com.sdet.base.BaseClass">
    <ignored/>
  </testcase> <!-- @AfterSuite configAS -->
</testsuite> <!-- Test -->
